#
# A fatal error has been detected by the Java Runtime Environment:
#
#  EXCEPTION_ACCESS_VIOLATION (0xc0000005) at pc=0x00000000644ed82c, pid=11508, tid=7000
#
# JRE version: Java(TM) SE Runtime Environment (10.0+46) (build 10+46)
# Java VM: Java HotSpot(TM) 64-Bit Server VM (10+46, mixed mode, tiered, compressed oops, g1 gc, windows-amd64)
# Problematic frame:
# V  [jvm.dll+0x31d82c]
#
# No core dump will be written. Minidumps are not enabled by default on client versions of Windows
#
# If you would like to submit a bug report, please visit:
#   http://bugreport.java.com/bugreport/crash.jsp
#

---------------  S U M M A R Y ------------

Command Line: -agentlib:jdwp=transport=dt_socket,suspend=y,address=localhost:56805 -Dfile.encoding=Cp1252 cleean

Host: AMD A10-5750M APU with Radeon(tm) HD Graphics  , 4 cores, 7G,  Windows 10 , 64 bit Build 17134 (10.0.17134.1)
Time: Tue Jun 12 23:43:55 2018 Paris, Madrid (heure d?été) elapsed time: 915 seconds (0d 0h 15m 15s)

---------------  T H R E A D  ---------------

Current thread (0x000001ef7fd27800):  VMThread "VM Thread" [stack: 0x000000926ac00000,0x000000926ad00000] [id=7000]

Stack: [0x000000926ac00000,0x000000926ad00000],  sp=0x000000926acfe9d0,  free space=1018k
Native frames: (J=compiled Java code, j=interpreted, Vv=VM code, C=native code)
V  [jvm.dll+0x31d82c]
V  [jvm.dll+0x31fbc0]
V  [jvm.dll+0x32024e]
V  [jvm.dll+0x31d9f5]
V  [jvm.dll+0x31cde3]
V  [jvm.dll+0x59048f]
V  [jvm.dll+0x590876]
V  [jvm.dll+0x590636]
V  [jvm.dll+0x55bdc8]
V  [jvm.dll+0x4738fa]
V  [jvm.dll+0x6c42dc]
V  [jvm.dll+0x6c2a45]
V  [jvm.dll+0x6c3250]
V  [jvm.dll+0x6c358c]
V  [jvm.dll+0x59ef10]
C  [msvcr120.dll+0x24f7f]
C  [msvcr120.dll+0x25126]
C  [KERNEL32.DLL+0x13034]
C  [ntdll.dll+0x71551]


siginfo: EXCEPTION_ACCESS_VIOLATION (0xc0000005), reading address 0x0000000000000006


Register to memory mapping:

RIP=0x00000000644ed82c jvm.dll
RAX=0x0000000000000000 is an unknown value
RBX=0x000001ef040d0090 is pointing into metadata
RCX=0x0000000000000000 is an unknown value
RDX=0x0000000000000000 is an unknown value
RSP=0x000000926acfe9d0 is an unknown value
RBP=0x0000000000000001 is an unknown value
RSI=0x0000000064b69b88 jvm.dll
RDI=0x000000926acfec70 is an unknown value
R8 =0x0000000000000000 is an unknown value
R9 =0x000001ef040d0090 is pointing into metadata
R10=0x000001ef040d0090 is pointing into metadata
R11=0x000000010006a030 is pointing into metadata
R12=0x000000006494d601 jvm.dll
R13=0x0000000000000000 is an unknown value
R14=0x0000000000000001 is an unknown value
R15=0x0000000000000000 is an unknown value


Registers:
RAX=0x0000000000000000, RBX=0x000001ef040d0090, RCX=0x0000000000000000, RDX=0x0000000000000000
RSP=0x000000926acfe9d0, RBP=0x0000000000000001, RSI=0x0000000064b69b88, RDI=0x000000926acfec70
R8 =0x0000000000000000, R9 =0x000001ef040d0090, R10=0x000001ef040d0090, R11=0x000000010006a030
R12=0x000000006494d601, R13=0x0000000000000000, R14=0x0000000000000001, R15=0x0000000000000000
RIP=0x00000000644ed82c, EFLAGS=0x0000000000010212

Top of Stack: (sp=0x000000926acfe9d0)
0x000000926acfe9d0:   000000926acf0800 00000000642e4dde
0x000000926acfe9e0:   0000000000000001 000000006428ba1a
0x000000926acfe9f0:   0000000000000000 00000000643fc314
0x000000926acfea00:   000000926acfeac0 00000000644ee593
0x000000926acfea10:   0000652296c11445 000000000000000b
0x000000926acfea20:   0000000000000000 000000926acfeac0
0x000000926acfea30:   000000926acfec70 00000000644efbc0
0x000000926acfea40:   000001ef7fc99410 0000000000000005
0x000000926acfea50:   0000000000000001 0000000000000000
0x000000926acfea60:   0000000000000005 000000006494d601
0x000000926acfea70:   0000000000000000 0000000000000022
0x000000926acfea80:   000001ef7fc99410 00000000644f024e
0x000000926acfea90:   000000926acfec70 000000926acfeaf0
0x000000926acfeaa0:   0000000000000000 000001ef7fc99410
0x000000926acfeab0:   0000000000006001 00000000644f20f1
0x000000926acfeac0:   000001ef040d0608 000001ef7fd27800 

Instructions: (pc=0x00000000644ed82c)
0x00000000644ed80c:   8b cb e8 2d 13 f1 ff 48 8b cb 8b d0 e8 43 3a f1
0x00000000644ed81c:   ff 48 8d 35 64 c3 67 00 48 63 c8 48 8b 44 cb 40
0x00000000644ed82c:   0f b6 48 06 8b 05 4e c3 67 00 80 f9 4c 74 2b 80
0x00000000644ed83c:   f9 5b 74 26 80 f9 4a 74 18 80 f9 44 74 13 48 8d 


VM_Operation (0x000000926b5ff930): GetOrSetLocal, mode: safepoint, requested by thread 0x000001ef04659800


---------------  P R O C E S S  ---------------

Threads class SMR info:
_java_thread_list=0x000001ef0464d390, length=14, elements={
0x000001ef668d0800, 0x000001ef7fcdb800, 0x000001ef7fd32000, 0x000001ef7fd3e000,
0x000001ef7fd3f000, 0x000001ef7fd4a000, 0x000001ef04504800, 0x000001ef04511000,
0x000001ef04526000, 0x000001ef04659800, 0x000001ef0465d000, 0x000001ef0465e000,
0x000001ef04671800, 0x000001ef046bc800
}

Java Threads: ( => current thread )
  0x000001ef668d0800 JavaThread "main" [_thread_blocked, id=5520, stack(0x000000926a000000,0x000000926a100000)]
  0x000001ef7fcdb800 JavaThread "Reference Handler" daemon [_thread_blocked, id=10296, stack(0x000000926ad00000,0x000000926ae00000)]
  0x000001ef7fd32000 JavaThread "Finalizer" daemon [_thread_blocked, id=11084, stack(0x000000926ae00000,0x000000926af00000)]
  0x000001ef7fd3e000 JavaThread "Signal Dispatcher" daemon [_thread_blocked, id=10372, stack(0x000000926af00000,0x000000926b000000)]
  0x000001ef7fd3f000 JavaThread "Attach Listener" daemon [_thread_blocked, id=8972, stack(0x000000926b000000,0x000000926b100000)]
  0x000001ef7fd4a000 JavaThread "C2 CompilerThread0" daemon [_thread_blocked, id=12544, stack(0x000000926b100000,0x000000926b200000)]
  0x000001ef04504800 JavaThread "C2 CompilerThread1" daemon [_thread_blocked, id=9608, stack(0x000000926b200000,0x000000926b300000)]
  0x000001ef04511000 JavaThread "C1 CompilerThread2" daemon [_thread_blocked, id=6340, stack(0x000000926b300000,0x000000926b400000)]
  0x000001ef04526000 JavaThread "Sweeper thread" daemon [_thread_blocked, id=10432, stack(0x000000926b400000,0x000000926b500000)]
  0x000001ef04659800 JavaThread "JDWP Transport Listener: dt_socket" daemon [_thread_blocked, id=8620, stack(0x000000926b500000,0x000000926b600000)] _threads_hazard_ptr=0x000001ef0464d390
  0x000001ef0465d000 JavaThread "JDWP Event Helper Thread" daemon [_thread_blocked, id=11644, stack(0x000000926b600000,0x000000926b700000)]
  0x000001ef0465e000 JavaThread "JDWP Command Reader" daemon [_thread_in_native, id=12724, stack(0x000000926b700000,0x000000926b800000)]
  0x000001ef04671800 JavaThread "Service Thread" daemon [_thread_blocked, id=7340, stack(0x000000926b800000,0x000000926b900000)]
  0x000001ef046bc800 JavaThread "Common-Cleaner" daemon [_thread_blocked, id=8124, stack(0x000000926ba00000,0x000000926bb00000)]

Other Threads:
=>0x000001ef7fd27800 VMThread "VM Thread" [stack: 0x000000926ac00000,0x000000926ad00000] [id=7000]
  0x000001ef046b7800 WatcherThread [stack: 0x000000926b900000,0x000000926ba00000] [id=12996]
  0x000001ef668ec000 GCTaskThread "GC Thread#0" [stack: 0x000000926a100000,0x000000926a200000] [id=1100]
  0x000001ef668ee800 GCTaskThread "GC Thread#1" [stack: 0x000000926a200000,0x000000926a300000] [id=12976]
  0x000001ef668f0000 GCTaskThread "GC Thread#2" [stack: 0x000000926a300000,0x000000926a400000] [id=9512]
  0x000001ef668f2800 GCTaskThread "GC Thread#3" [stack: 0x000000926a400000,0x000000926a500000] [id=12920]
  0x000001ef6695b000 ConcurrentGCThread "G1 Main Marker" [stack: 0x000000926a500000,0x000000926a600000] [id=12760]
  0x000001ef6695f800 ConcurrentGCThread "G1 Conc#0" [stack: 0x000000926a600000,0x000000926a700000] [id=4692]
  0x000001ef7fb8c800 ConcurrentGCThread "G1 Refine#0" [stack: 0x000000926a700000,0x000000926a800000] [id=12808]
  0x000001ef7fb8f000 ConcurrentGCThread "G1 Refine#1" [stack: 0x000000926a800000,0x000000926a900000] [id=6128]
  0x000001ef7fb91000 ConcurrentGCThread "G1 Refine#2" [stack: 0x000000926a900000,0x000000926aa00000] [id=12684]
  0x000001ef7fb94000 ConcurrentGCThread "G1 Refine#3" [stack: 0x000000926aa00000,0x000000926ab00000] [id=11412]
  0x000001ef7fb99000 ConcurrentGCThread "G1 Young RemSet Sampling" [stack: 0x000000926ab00000,0x000000926ac00000] [id=7900]

Threads with active compile tasks:

VM state:at safepoint (normal execution)

VM Mutex/Monitor currently owned by a thread:  ([mutex/lock_event])
[0x000001ef668cf370] Threads_lock - owner thread: 0x000001ef7fd27800

Heap address: 0x000000008cc00000, size: 1844 MB, Compressed Oops mode: 32-bit
Narrow klass base: 0x0000000000000000, Narrow klass shift: 3
Compressed class space size: 1073741824 Address: 0x0000000100000000

Heap:
 garbage-first heap   total 118784K, used 2048K [0x000000008cc00000, 0x0000000100000000)
  region size 1024K, 3 young (3072K), 0 survivors (0K)
 Metaspace       used 5932K, capacity 6143K, committed 6272K, reserved 1056768K
  class space    used 554K, capacity 580K, committed 640K, reserved 1048576K
Heap Regions: E=young(eden), S=young(survivor), O=old, HS=humongous(starts), HC=humongous(continues), CS=collection set, F=free, A=archive, TS=gc time stamp, AC=allocation context, TAMS=top-at-mark-start (previous, next)
|   0|0x000000008cc00000, 0x000000008cc00000, 0x000000008cd00000|  0%| F|  |TS  0|AC  0|TAMS 0x000000008cc00000, 0x000000008cc00000|
|   1|0x000000008cd00000, 0x000000008cd00000, 0x000000008ce00000|  0%| F|  |TS  0|AC  0|TAMS 0x000000008cd00000, 0x000000008cd00000|
|   2|0x000000008ce00000, 0x000000008ce00000, 0x000000008cf00000|  0%| F|  |TS  0|AC  0|TAMS 0x000000008ce00000, 0x000000008ce00000|
|   3|0x000000008cf00000, 0x000000008cf00000, 0x000000008d000000|  0%| F|  |TS  0|AC  0|TAMS 0x000000008cf00000, 0x000000008cf00000|
|   4|0x000000008d000000, 0x000000008d000000, 0x000000008d100000|  0%| F|  |TS  0|AC  0|TAMS 0x000000008d000000, 0x000000008d000000|
|   5|0x000000008d100000, 0x000000008d100000, 0x000000008d200000|  0%| F|  |TS  0|AC  0|TAMS 0x000000008d100000, 0x000000008d100000|
|   6|0x000000008d200000, 0x000000008d200000, 0x000000008d300000|  0%| F|  |TS  0|AC  0|TAMS 0x000000008d200000, 0x000000008d200000|
|   7|0x000000008d300000, 0x000000008d300000, 0x000000008d400000|  0%| F|  |TS  0|AC  0|TAMS 0x000000008d300000, 0x000000008d300000|
|   8|0x000000008d400000, 0x000000008d400000, 0x000000008d500000|  0%| F|  |TS  0|AC  0|TAMS 0x000000008d400000, 0x000000008d400000|
|   9|0x000000008d500000, 0x000000008d500000, 0x000000008d600000|  0%| F|  |TS  0|AC  0|TAMS 0x000000008d500000, 0x000000008d500000|
|  10|0x000000008d600000, 0x000000008d600000, 0x000000008d700000|  0%| F|  |TS  0|AC  0|TAMS 0x000000008d600000, 0x000000008d600000|
|  11|0x000000008d700000, 0x000000008d700000, 0x000000008d800000|  0%| F|  |TS  0|AC  0|TAMS 0x000000008d700000, 0x000000008d700000|
|  12|0x000000008d800000, 0x000000008d800000, 0x000000008d900000|  0%| F|  |TS  0|AC  0|TAMS 0x000000008d800000, 0x000000008d800000|
|  13|0x000000008d900000, 0x000000008d900000, 0x000000008da00000|  0%| F|  |TS  0|AC  0|TAMS 0x000000008d900000, 0x000000008d900000|
|  14|0x000000008da00000, 0x000000008da00000, 0x000000008db00000|  0%| F|  |TS  0|AC  0|TAMS 0x000000008da00000, 0x000000008da00000|
|  15|0x000000008db00000, 0x000000008db00000, 0x000000008dc00000|  0%| F|  |TS  0|AC  0|TAMS 0x000000008db00000, 0x000000008db00000|
|  16|0x000000008dc00000, 0x000000008dc00000, 0x000000008dd00000|  0%| F|  |TS  0|AC  0|TAMS 0x000000008dc00000, 0x000000008dc00000|
|  17|0x000000008dd00000, 0x000000008dd00000, 0x000000008de00000|  0%| F|  |TS  0|AC  0|TAMS 0x000000008dd00000, 0x000000008dd00000|
|  18|0x000000008de00000, 0x000000008de00000, 0x000000008df00000|  0%| F|  |TS  0|AC  0|TAMS 0x000000008de00000, 0x000000008de00000|
|  19|0x000000008df00000, 0x000000008df00000, 0x000000008e000000|  0%| F|  |TS  0|AC  0|TAMS 0x000000008df00000, 0x000000008df00000|
|  20|0x000000008e000000, 0x000000008e000000, 0x000000008e100000|  0%| F|  |TS  0|AC  0|TAMS 0x000000008e000000, 0x000000008e000000|
|  21|0x000000008e100000, 0x000000008e100000, 0x000000008e200000|  0%| F|  |TS  0|AC  0|TAMS 0x000000008e100000, 0x000000008e100000|
|  22|0x000000008e200000, 0x000000008e200000, 0x000000008e300000|  0%| F|  |TS  0|AC  0|TAMS 0x000000008e200000, 0x000000008e200000|
|  23|0x000000008e300000, 0x000000008e300000, 0x000000008e400000|  0%| F|  |TS  0|AC  0|TAMS 0x000000008e300000, 0x000000008e300000|
|  24|0x000000008e400000, 0x000000008e400000, 0x000000008e500000|  0%| F|  |TS  0|AC  0|TAMS 0x000000008e400000, 0x000000008e400000|
|  25|0x000000008e500000, 0x000000008e500000, 0x000000008e600000|  0%| F|  |TS  0|AC  0|TAMS 0x000000008e500000, 0x000000008e500000|
|  26|0x000000008e600000, 0x000000008e600000, 0x000000008e700000|  0%| F|  |TS  0|AC  0|TAMS 0x000000008e600000, 0x000000008e600000|
|  27|0x000000008e700000, 0x000000008e700000, 0x000000008e800000|  0%| F|  |TS  0|AC  0|TAMS 0x000000008e700000, 0x000000008e700000|
|  28|0x000000008e800000, 0x000000008e800000, 0x000000008e900000|  0%| F|  |TS  0|AC  0|TAMS 0x000000008e800000, 0x000000008e800000|
|  29|0x000000008e900000, 0x000000008e900000, 0x000000008ea00000|  0%| F|  |TS  0|AC  0|TAMS 0x000000008e900000, 0x000000008e900000|
|  30|0x000000008ea00000, 0x000000008ea00000, 0x000000008eb00000|  0%| F|  |TS  0|AC  0|TAMS 0x000000008ea00000, 0x000000008ea00000|
|  31|0x000000008eb00000, 0x000000008eb00000, 0x000000008ec00000|  0%| F|  |TS  0|AC  0|TAMS 0x000000008eb00000, 0x000000008eb00000|
|  32|0x000000008ec00000, 0x000000008ec00000, 0x000000008ed00000|  0%| F|  |TS  0|AC  0|TAMS 0x000000008ec00000, 0x000000008ec00000|
|  33|0x000000008ed00000, 0x000000008ed00000, 0x000000008ee00000|  0%| F|  |TS  0|AC  0|TAMS 0x000000008ed00000, 0x000000008ed00000|
|  34|0x000000008ee00000, 0x000000008ee00000, 0x000000008ef00000|  0%| F|  |TS  0|AC  0|TAMS 0x000000008ee00000, 0x000000008ee00000|
|  35|0x000000008ef00000, 0x000000008ef00000, 0x000000008f000000|  0%| F|  |TS  0|AC  0|TAMS 0x000000008ef00000, 0x000000008ef00000|
|  36|0x000000008f000000, 0x000000008f000000, 0x000000008f100000|  0%| F|  |TS  0|AC  0|TAMS 0x000000008f000000, 0x000000008f000000|
|  37|0x000000008f100000, 0x000000008f100000, 0x000000008f200000|  0%| F|  |TS  0|AC  0|TAMS 0x000000008f100000, 0x000000008f100000|
|  38|0x000000008f200000, 0x000000008f200000, 0x000000008f300000|  0%| F|  |TS  0|AC  0|TAMS 0x000000008f200000, 0x000000008f200000|
|  39|0x000000008f300000, 0x000000008f300000, 0x000000008f400000|  0%| F|  |TS  0|AC  0|TAMS 0x000000008f300000, 0x000000008f300000|
|  40|0x000000008f400000, 0x000000008f400000, 0x000000008f500000|  0%| F|  |TS  0|AC  0|TAMS 0x000000008f400000, 0x000000008f400000|
|  41|0x000000008f500000, 0x000000008f500000, 0x000000008f600000|  0%| F|  |TS  0|AC  0|TAMS 0x000000008f500000, 0x000000008f500000|
|  42|0x000000008f600000, 0x000000008f600000, 0x000000008f700000|  0%| F|  |TS  0|AC  0|TAMS 0x000000008f600000, 0x000000008f600000|
|  43|0x000000008f700000, 0x000000008f700000, 0x000000008f800000|  0%| F|  |TS  0|AC  0|TAMS 0x000000008f700000, 0x000000008f700000|
|  44|0x000000008f800000, 0x000000008f800000, 0x000000008f900000|  0%| F|  |TS  0|AC  0|TAMS 0x000000008f800000, 0x000000008f800000|
|  45|0x000000008f900000, 0x000000008f900000, 0x000000008fa00000|  0%| F|  |TS  0|AC  0|TAMS 0x000000008f900000, 0x000000008f900000|
|  46|0x000000008fa00000, 0x000000008fa00000, 0x000000008fb00000|  0%| F|  |TS  0|AC  0|TAMS 0x000000008fa00000, 0x000000008fa00000|
|  47|0x000000008fb00000, 0x000000008fb00000, 0x000000008fc00000|  0%| F|  |TS  0|AC  0|TAMS 0x000000008fb00000, 0x000000008fb00000|
|  48|0x000000008fc00000, 0x000000008fc00000, 0x000000008fd00000|  0%| F|  |TS  0|AC  0|TAMS 0x000000008fc00000, 0x000000008fc00000|
|  49|0x000000008fd00000, 0x000000008fd00000, 0x000000008fe00000|  0%| F|  |TS  0|AC  0|TAMS 0x000000008fd00000, 0x000000008fd00000|
|  50|0x000000008fe00000, 0x000000008fe00000, 0x000000008ff00000|  0%| F|  |TS  0|AC  0|TAMS 0x000000008fe00000, 0x000000008fe00000|
|  51|0x000000008ff00000, 0x000000008ff00000, 0x0000000090000000|  0%| F|  |TS  0|AC  0|TAMS 0x000000008ff00000, 0x000000008ff00000|
|  52|0x0000000090000000, 0x0000000090000000, 0x0000000090100000|  0%| F|  |TS  0|AC  0|TAMS 0x0000000090000000, 0x0000000090000000|
|  53|0x0000000090100000, 0x0000000090100000, 0x0000000090200000|  0%| F|  |TS  0|AC  0|TAMS 0x0000000090100000, 0x0000000090100000|
|  54|0x0000000090200000, 0x0000000090200000, 0x0000000090300000|  0%| F|  |TS  0|AC  0|TAMS 0x0000000090200000, 0x0000000090200000|
|  55|0x0000000090300000, 0x0000000090300000, 0x0000000090400000|  0%| F|  |TS  0|AC  0|TAMS 0x0000000090300000, 0x0000000090300000|
|  56|0x0000000090400000, 0x0000000090400000, 0x0000000090500000|  0%| F|  |TS  0|AC  0|TAMS 0x0000000090400000, 0x0000000090400000|
|  57|0x0000000090500000, 0x0000000090500000, 0x0000000090600000|  0%| F|  |TS  0|AC  0|TAMS 0x0000000090500000, 0x0000000090500000|
|  58|0x0000000090600000, 0x0000000090600000, 0x0000000090700000|  0%| F|  |TS  0|AC  0|TAMS 0x0000000090600000, 0x0000000090600000|
|  59|0x0000000090700000, 0x0000000090700000, 0x0000000090800000|  0%| F|  |TS  0|AC  0|TAMS 0x0000000090700000, 0x0000000090700000|
|  60|0x0000000090800000, 0x0000000090800000, 0x0000000090900000|  0%| F|  |TS  0|AC  0|TAMS 0x0000000090800000, 0x0000000090800000|
|  61|0x0000000090900000, 0x0000000090900000, 0x0000000090a00000|  0%| F|  |TS  0|AC  0|TAMS 0x0000000090900000, 0x0000000090900000|
|  62|0x0000000090a00000, 0x0000000090a00000, 0x0000000090b00000|  0%| F|  |TS  0|AC  0|TAMS 0x0000000090a00000, 0x0000000090a00000|
|  63|0x0000000090b00000, 0x0000000090b00000, 0x0000000090c00000|  0%| F|  |TS  0|AC  0|TAMS 0x0000000090b00000, 0x0000000090b00000|
|  64|0x0000000090c00000, 0x0000000090c00000, 0x0000000090d00000|  0%| F|  |TS  0|AC  0|TAMS 0x0000000090c00000, 0x0000000090c00000|
|  65|0x0000000090d00000, 0x0000000090d00000, 0x0000000090e00000|  0%| F|  |TS  0|AC  0|TAMS 0x0000000090d00000, 0x0000000090d00000|
|  66|0x0000000090e00000, 0x0000000090e00000, 0x0000000090f00000|  0%| F|  |TS  0|AC  0|TAMS 0x0000000090e00000, 0x0000000090e00000|
|  67|0x0000000090f00000, 0x0000000090f00000, 0x0000000091000000|  0%| F|  |TS  0|AC  0|TAMS 0x0000000090f00000, 0x0000000090f00000|
|  68|0x0000000091000000, 0x0000000091000000, 0x0000000091100000|  0%| F|  |TS  0|AC  0|TAMS 0x0000000091000000, 0x0000000091000000|
|  69|0x0000000091100000, 0x0000000091100000, 0x0000000091200000|  0%| F|  |TS  0|AC  0|TAMS 0x0000000091100000, 0x0000000091100000|
|  70|0x0000000091200000, 0x0000000091200000, 0x0000000091300000|  0%| F|  |TS  0|AC  0|TAMS 0x0000000091200000, 0x0000000091200000|
|  71|0x0000000091300000, 0x0000000091300000, 0x0000000091400000|  0%| F|  |TS  0|AC  0|TAMS 0x0000000091300000, 0x0000000091300000|
|  72|0x0000000091400000, 0x0000000091400000, 0x0000000091500000|  0%| F|  |TS  0|AC  0|TAMS 0x0000000091400000, 0x0000000091400000|
|  73|0x0000000091500000, 0x0000000091500000, 0x0000000091600000|  0%| F|  |TS  0|AC  0|TAMS 0x0000000091500000, 0x0000000091500000|
|  74|0x0000000091600000, 0x0000000091600000, 0x0000000091700000|  0%| F|  |TS  0|AC  0|TAMS 0x0000000091600000, 0x0000000091600000|
|  75|0x0000000091700000, 0x0000000091700000, 0x0000000091800000|  0%| F|  |TS  0|AC  0|TAMS 0x0000000091700000, 0x0000000091700000|
|  76|0x0000000091800000, 0x0000000091800000, 0x0000000091900000|  0%| F|  |TS  0|AC  0|TAMS 0x0000000091800000, 0x0000000091800000|
|  77|0x0000000091900000, 0x0000000091900000, 0x0000000091a00000|  0%| F|  |TS  0|AC  0|TAMS 0x0000000091900000, 0x0000000091900000|
|  78|0x0000000091a00000, 0x0000000091a00000, 0x0000000091b00000|  0%| F|  |TS  0|AC  0|TAMS 0x0000000091a00000, 0x0000000091a00000|
|  79|0x0000000091b00000, 0x0000000091b00000, 0x0000000091c00000|  0%| F|  |TS  0|AC  0|TAMS 0x0000000091b00000, 0x0000000091b00000|
|  80|0x0000000091c00000, 0x0000000091c00000, 0x0000000091d00000|  0%| F|  |TS  0|AC  0|TAMS 0x0000000091c00000, 0x0000000091c00000|
|  81|0x0000000091d00000, 0x0000000091d00000, 0x0000000091e00000|  0%| F|  |TS  0|AC  0|TAMS 0x0000000091d00000, 0x0000000091d00000|
|  82|0x0000000091e00000, 0x0000000091e00000, 0x0000000091f00000|  0%| F|  |TS  0|AC  0|TAMS 0x0000000091e00000, 0x0000000091e00000|
|  83|0x0000000091f00000, 0x0000000091f00000, 0x0000000092000000|  0%| F|  |TS  0|AC  0|TAMS 0x0000000091f00000, 0x0000000091f00000|
|  84|0x0000000092000000, 0x0000000092000000, 0x0000000092100000|  0%| F|  |TS  0|AC  0|TAMS 0x0000000092000000, 0x0000000092000000|
|  85|0x0000000092100000, 0x0000000092100000, 0x0000000092200000|  0%| F|  |TS  0|AC  0|TAMS 0x0000000092100000, 0x0000000092100000|
|  86|0x0000000092200000, 0x0000000092200000, 0x0000000092300000|  0%| F|  |TS  0|AC  0|TAMS 0x0000000092200000, 0x0000000092200000|
|  87|0x0000000092300000, 0x0000000092300000, 0x0000000092400000|  0%| F|  |TS  0|AC  0|TAMS 0x0000000092300000, 0x0000000092300000|
|  88|0x0000000092400000, 0x0000000092400000, 0x0000000092500000|  0%| F|  |TS  0|AC  0|TAMS 0x0000000092400000, 0x0000000092400000|
|  89|0x0000000092500000, 0x0000000092500000, 0x0000000092600000|  0%| F|  |TS  0|AC  0|TAMS 0x0000000092500000, 0x0000000092500000|
|  90|0x0000000092600000, 0x0000000092600000, 0x0000000092700000|  0%| F|  |TS  0|AC  0|TAMS 0x0000000092600000, 0x0000000092600000|
|  91|0x0000000092700000, 0x0000000092700000, 0x0000000092800000|  0%| F|  |TS  0|AC  0|TAMS 0x0000000092700000, 0x0000000092700000|
|  92|0x0000000092800000, 0x0000000092800000, 0x0000000092900000|  0%| F|  |TS  0|AC  0|TAMS 0x0000000092800000, 0x0000000092800000|
|  93|0x0000000092900000, 0x0000000092900000, 0x0000000092a00000|  0%| F|  |TS  0|AC  0|TAMS 0x0000000092900000, 0x0000000092900000|
|  94|0x0000000092a00000, 0x0000000092a00000, 0x0000000092b00000|  0%| F|  |TS  0|AC  0|TAMS 0x0000000092a00000, 0x0000000092a00000|
|  95|0x0000000092b00000, 0x0000000092b00000, 0x0000000092c00000|  0%| F|  |TS  0|AC  0|TAMS 0x0000000092b00000, 0x0000000092b00000|
|  96|0x0000000092c00000, 0x0000000092c00000, 0x0000000092d00000|  0%| F|  |TS  0|AC  0|TAMS 0x0000000092c00000, 0x0000000092c00000|
|  97|0x0000000092d00000, 0x0000000092d00000, 0x0000000092e00000|  0%| F|  |TS  0|AC  0|TAMS 0x0000000092d00000, 0x0000000092d00000|
|  98|0x0000000092e00000, 0x0000000092e00000, 0x0000000092f00000|  0%| F|  |TS  0|AC  0|TAMS 0x0000000092e00000, 0x0000000092e00000|
|  99|0x0000000092f00000, 0x0000000092f00000, 0x0000000093000000|  0%| F|  |TS  0|AC  0|TAMS 0x0000000092f00000, 0x0000000092f00000|
| 100|0x0000000093000000, 0x0000000093000000, 0x0000000093100000|  0%| F|  |TS  0|AC  0|TAMS 0x0000000093000000, 0x0000000093000000|
| 101|0x0000000093100000, 0x0000000093100000, 0x0000000093200000|  0%| F|  |TS  0|AC  0|TAMS 0x0000000093100000, 0x0000000093100000|
| 102|0x0000000093200000, 0x0000000093200000, 0x0000000093300000|  0%| F|  |TS  0|AC  0|TAMS 0x0000000093200000, 0x0000000093200000|
| 103|0x0000000093300000, 0x0000000093300000, 0x0000000093400000|  0%| F|  |TS  0|AC  0|TAMS 0x0000000093300000, 0x0000000093300000|
| 104|0x0000000093400000, 0x0000000093400000, 0x0000000093500000|  0%| F|  |TS  0|AC  0|TAMS 0x0000000093400000, 0x0000000093400000|
| 105|0x0000000093500000, 0x0000000093500000, 0x0000000093600000|  0%| F|  |TS  0|AC  0|TAMS 0x0000000093500000, 0x0000000093500000|
| 106|0x0000000093600000, 0x0000000093600000, 0x0000000093700000|  0%| F|  |TS  0|AC  0|TAMS 0x0000000093600000, 0x0000000093600000|
| 107|0x0000000093700000, 0x0000000093700000, 0x0000000093800000|  0%| F|  |TS  0|AC  0|TAMS 0x0000000093700000, 0x0000000093700000|
| 108|0x0000000093800000, 0x0000000093800000, 0x0000000093900000|  0%| F|  |TS  0|AC  0|TAMS 0x0000000093800000, 0x0000000093800000|
| 109|0x0000000093900000, 0x0000000093900000, 0x0000000093a00000|  0%| F|  |TS  0|AC  0|TAMS 0x0000000093900000, 0x0000000093900000|
| 110|0x0000000093a00000, 0x0000000093a00000, 0x0000000093b00000|  0%| F|  |TS  0|AC  0|TAMS 0x0000000093a00000, 0x0000000093a00000|
| 111|0x0000000093b00000, 0x0000000093b00000, 0x0000000093c00000|  0%| F|  |TS  0|AC  0|TAMS 0x0000000093b00000, 0x0000000093b00000|
| 112|0x0000000093c00000, 0x0000000093c00000, 0x0000000093d00000|  0%| F|  |TS  0|AC  0|TAMS 0x0000000093c00000, 0x0000000093c00000|
| 113|0x0000000093d00000, 0x0000000093d482f8, 0x0000000093e00000| 28%| E|  |TS  0|AC  0|TAMS 0x0000000093d00000, 0x0000000093d00000|
| 114|0x0000000093e00000, 0x0000000093f00000, 0x0000000093f00000|100%| E|CS|TS  0|AC  0|TAMS 0x0000000093e00000, 0x0000000093e00000|
| 115|0x0000000093f00000, 0x0000000094000000, 0x0000000094000000|100%| E|CS|TS  0|AC  0|TAMS 0x0000000093f00000, 0x0000000093f00000|

Card table byte_map: [0x000001ef7d420000,0x000001ef7d7c0000] byte_map_base: 0x000001ef7cfba000

Marking Bits (Prev, Next): (CMBitMap*) 0x000001ef6695a400, (CMBitMap*) 0x000001ef6695a438
 Prev Bits: [0x000001ef7db60000, 0x000001ef7f830000)
 Next Bits: [0x000001ef00000000, 0x000001ef01cd0000)

Polling page: 0x000001ef648e0000

CodeHeap 'non-profiled nmethods': size=120064Kb used=41Kb max_used=41Kb free=120022Kb
 bounds [0x000001ef75b40000, 0x000001ef75db0000, 0x000001ef7d080000]
CodeHeap 'profiled nmethods': size=120000Kb used=144Kb max_used=144Kb free=119855Kb
 bounds [0x000001ef6e610000, 0x000001ef6e880000, 0x000001ef75b40000]
CodeHeap 'non-nmethods': size=5696Kb used=1127Kb max_used=1127Kb free=4569Kb
 bounds [0x000001ef6e080000, 0x000001ef6e2f0000, 0x000001ef6e610000]
 total_blobs=517 nmethods=132 adapters=250
 compilation: enabled

Compilation events (10 events):
Event: 0.371 Thread 0x000001ef04511000  101       3       java.lang.AbstractStringBuilder::append (77 bytes)
Event: 0.372 Thread 0x000001ef04511000 nmethod 101 0x000001ef6e632c10 code [0x000001ef6e632e40, 0x000001ef6e633530]
Event: 0.375 Thread 0x000001ef04511000  102       1       java.lang.Object::<init> (1 bytes)
Event: 0.375 Thread 0x000001ef04511000 nmethod 102 0x000001ef75b46a90 code [0x000001ef75b46c40, 0x000001ef75b46d58]
Event: 0.375 Thread 0x000001ef04511000  103       3       java.lang.Math::min (11 bytes)
Event: 0.376 Thread 0x000001ef04511000 nmethod 103 0x000001ef6e633790 code [0x000001ef6e633940, 0x000001ef6e633ad8]
Event: 0.376 Thread 0x000001ef04511000  104       3       sun.nio.fs.WindowsPathParser::isSlash (18 bytes)
Event: 0.376 Thread 0x000001ef04511000 nmethod 104 0x000001ef6e633b90 code [0x000001ef6e633d40, 0x000001ef6e633f18]
Event: 0.377 Thread 0x000001ef04511000  105       3       java.lang.System::getSecurityManager (4 bytes)
Event: 0.378 Thread 0x000001ef04511000 nmethod 105 0x000001ef6e633f90 code [0x000001ef6e634140, 0x000001ef6e634298]

GC Heap History (0 events):
No events

Deoptimization events (1 events):
Event: 0.322 Thread 0x000001ef668d0800 Uncommon trap: reason=unstable_if action=reinterpret pc=0x000001ef75b456a0 method=java.lang.String.hashCode()I @ 14 c2

Classes redefined (4 events):
Event: 300.476 Thread 0x000001ef7fd27800 redefined class name=cleean, count=1
Event: 468.631 Thread 0x000001ef7fd27800 redefined class name=cleean, count=2
Event: 758.621 Thread 0x000001ef7fd27800 redefined class name=cleean, count=3
Event: 774.602 Thread 0x000001ef7fd27800 redefined class name=cleean, count=4

Internal exceptions (3 events):
Event: 0.328 Thread 0x000001ef668d0800 Exception <a 'java/io/FileNotFoundException'{0x0000000093e270c0}> (0x0000000093e270c0) thrown at [t:/workspace/open/src/hotspot/share/prims/jni.cpp, line 611]
Event: 5.266 Thread 0x000001ef668d0800 Exception <a 'java/lang/NoSuchMethodError'{0x0000000093ed0248}: java.lang.Object.lambda$negate$3(I)Z> (0x0000000093ed0248) thrown at [t:/workspace/open/src/hotspot/share/interpreter/linkResolver.cpp, line 741]
Event: 5.309 Thread 0x000001ef668d0800 Exception <a 'java/lang/NoSuchMethodError'{0x0000000093ed3568}: java.lang.Object.lambda$and$0(Ljava/util/regex/Pattern$CharPredicate;I)Z> (0x0000000093ed3568) thrown at [t:/workspace/open/src/hotspot/share/interpreter/linkResolver.cpp, line 741]

Events (10 events):
Event: 774.641 Executing VM operation: GetFrameCount done
Event: 774.641 Executing VM operation: GetFrameLocation
Event: 774.641 Executing VM operation: GetFrameLocation done
Event: 774.921 Executing VM operation: GetFrameCount
Event: 774.921 Executing VM operation: GetFrameCount done
Event: 774.922 Executing VM operation: GetOwnedMonitorInfo
Event: 774.922 Executing VM operation: GetOwnedMonitorInfo done
Event: 774.922 Executing VM operation: GetCurrentContendedMonitor
Event: 774.922 Executing VM operation: GetCurrentContendedMonitor done
Event: 915.052 Executing VM operation: GetOrSetLocal


Dynamic libraries:
0x00007ff778850000 - 0x00007ff77888e000 	C:\Program Files\Java\jre-10\bin\javaw.exe
0x00007ffa9e470000 - 0x00007ffa9e651000 	C:\WINDOWS\SYSTEM32\ntdll.dll
0x00007ffa7cce0000 - 0x00007ffa7cd14000 	C:\Program Files (x86)\AVG\Antivirus\x64\aswhooka.dll
0x00007ffa9bb40000 - 0x00007ffa9bbf2000 	C:\WINDOWS\System32\KERNEL32.DLL
0x00007ffa9a840000 - 0x00007ffa9aab3000 	C:\WINDOWS\System32\KERNELBASE.dll
0x00007ffa9dcf0000 - 0x00007ffa9dd91000 	C:\WINDOWS\System32\ADVAPI32.dll
0x00007ffa9b9d0000 - 0x00007ffa9ba6e000 	C:\WINDOWS\System32\msvcrt.dll
0x00007ffa9b900000 - 0x00007ffa9b95b000 	C:\WINDOWS\System32\sechost.dll
0x00007ffa9bc60000 - 0x00007ffa9bd84000 	C:\WINDOWS\System32\RPCRT4.dll
0x00007ffa9d700000 - 0x00007ffa9d890000 	C:\WINDOWS\System32\USER32.dll
0x00007ffa9ace0000 - 0x00007ffa9ad00000 	C:\WINDOWS\System32\win32u.dll
0x00007ffa9e1b0000 - 0x00007ffa9e1d8000 	C:\WINDOWS\System32\GDI32.dll
0x00007ffa9b570000 - 0x00007ffa9b702000 	C:\WINDOWS\System32\gdi32full.dll
0x00007ffa9ac40000 - 0x00007ffa9acdf000 	C:\WINDOWS\System32\msvcp_win.dll
0x00007ffa9ab40000 - 0x00007ffa9ac3a000 	C:\WINDOWS\System32\ucrtbase.dll
0x00007ffa8d4a0000 - 0x00007ffa8d709000 	C:\WINDOWS\WinSxS\amd64_microsoft.windows.common-controls_6595b64144ccf1df_6.0.17134.48_none_b4b2216a3cb4dd3e\COMCTL32.dll
0x00007ffa9d3d0000 - 0x00007ffa9d6f3000 	C:\WINDOWS\System32\combase.dll
0x00007ffa9aac0000 - 0x00007ffa9ab3a000 	C:\WINDOWS\System32\bcryptPrimitives.dll
0x00007ffa935d0000 - 0x00007ffa935da000 	C:\WINDOWS\SYSTEM32\VERSION.dll
0x00007ffa9e180000 - 0x00007ffa9e1ad000 	C:\WINDOWS\System32\IMM32.DLL
0x00007ffa58e70000 - 0x00007ffa58f5f000 	C:\Program Files\Java\jre-10\bin\msvcr120.dll
0x00007ffa76210000 - 0x00007ffa762b6000 	C:\Program Files\Java\jre-10\bin\msvcp120.dll
0x00000000641d0000 - 0x0000000064c3f000 	C:\Program Files\Java\jre-10\bin\server\jvm.dll
0x00007ffa9d890000 - 0x00007ffa9d898000 	C:\WINDOWS\System32\PSAPI.DLL
0x00007ffa96f50000 - 0x00007ffa96f59000 	C:\WINDOWS\SYSTEM32\WSOCK32.dll
0x00007ffa9b960000 - 0x00007ffa9b9cc000 	C:\WINDOWS\System32\WS2_32.dll
0x00007ffa97fb0000 - 0x00007ffa97fd3000 	C:\WINDOWS\SYSTEM32\WINMM.dll
0x00007ffa97f80000 - 0x00007ffa97faa000 	C:\WINDOWS\SYSTEM32\WINMMBASE.dll
0x00007ffa9b410000 - 0x00007ffa9b459000 	C:\WINDOWS\System32\cfgmgr32.dll
0x00007ffa95b40000 - 0x00007ffa95b4f000 	C:\Program Files\Java\jre-10\bin\verify.dll
0x00007ffa9a3c0000 - 0x00007ffa9a589000 	C:\WINDOWS\SYSTEM32\DBGHELP.DLL
0x00007ffa99ef0000 - 0x00007ffa99f19000 	C:\WINDOWS\SYSTEM32\dbgcore.DLL
0x00007ffa90720000 - 0x00007ffa90747000 	C:\Program Files\Java\jre-10\bin\java.dll
0x00007ffa79030000 - 0x00007ffa79066000 	C:\Program Files\Java\jre-10\bin\jdwp.dll
0x00007ffa8f420000 - 0x00007ffa8f436000 	C:\Program Files\Java\jre-10\bin\zip.dll
0x00007ffa95a80000 - 0x00007ffa95a8a000 	C:\Program Files\Java\jre-10\bin\jimage.dll
0x00007ffa9bf90000 - 0x00007ffa9d3d0000 	C:\WINDOWS\System32\SHELL32.dll
0x00007ffa9dda0000 - 0x00007ffa9de49000 	C:\WINDOWS\System32\shcore.dll
0x00007ffa9ad00000 - 0x00007ffa9b40d000 	C:\WINDOWS\System32\windows.storage.dll
0x00007ffa9de50000 - 0x00007ffa9dea1000 	C:\WINDOWS\System32\shlwapi.dll
0x00007ffa9a810000 - 0x00007ffa9a821000 	C:\WINDOWS\System32\kernel.appcore.dll
0x00007ffa9a780000 - 0x00007ffa9a79f000 	C:\WINDOWS\System32\profapi.dll
0x00007ffa9a7a0000 - 0x00007ffa9a7ec000 	C:\WINDOWS\System32\powrprof.dll
0x00007ffa9a830000 - 0x00007ffa9a83a000 	C:\WINDOWS\System32\FLTLIB.DLL
0x00007ffa99140000 - 0x00007ffa9914a000 	C:\Program Files\Java\jre-10\bin\dt_socket.dll
0x00007ffa99ca0000 - 0x00007ffa99d06000 	C:\WINDOWS\System32\mswsock.dll
0x00007ffa99a60000 - 0x00007ffa99b1e000 	C:\WINDOWS\SYSTEM32\DNSAPI.dll
0x00007ffa9e1e0000 - 0x00007ffa9e1e8000 	C:\WINDOWS\System32\NSI.dll
0x00007ffa99a20000 - 0x00007ffa99a58000 	C:\WINDOWS\SYSTEM32\IPHLPAPI.DLL
0x00007ffa93bf0000 - 0x00007ffa93c62000 	C:\WINDOWS\System32\fwpuclnt.dll
0x00007ffa9a370000 - 0x00007ffa9a395000 	C:\WINDOWS\SYSTEM32\bcrypt.dll
0x00007ffa935c0000 - 0x00007ffa935ca000 	C:\Windows\System32\rasadhlp.dll
0x00007ffa8db60000 - 0x00007ffa8db7a000 	C:\Program Files\Java\jre-10\bin\net.dll
0x00007ffa93460000 - 0x00007ffa9353d000 	C:\WINDOWS\SYSTEM32\WINHTTP.dll
0x00007ffa8bd90000 - 0x00007ffa8bda1000 	C:\Program Files\Java\jre-10\bin\nio.dll

dbghelp: loaded successfully - version: 4.0.5 - missing functions: none
symbol engine: initialized successfully - sym options: 0x614 - pdb path: .;C:\Program Files\Java\jre-10\bin;C:\WINDOWS\SYSTEM32;C:\Program Files (x86)\AVG\Antivirus\x64;C:\WINDOWS\WinSxS\amd64_microsoft.windows.common-controls_6595b64144ccf1df_6.0.17134.48_none_b4b2216a3cb4dd3e;C:\Program Files\Java\jre-10\bin\server

VM Arguments:
jvm_args: -agentlib:jdwp=transport=dt_socket,suspend=y,address=localhost:56805 -Dfile.encoding=Cp1252 
java_command: cleean
java_class_path (initial): C:\Program Files\Java\jre-10\lib\jrt-fs.jar;C:\Users\Kévin\Documents\EclipseWorkspace\CleEan\bin
Launcher Type: SUN_STANDARD

Logging:
Log output configuration:
#0: stdout all=warning uptime,level,tags
#1: stderr all=off uptime,level,tags

Environment Variables:
PATH=C:\ProgramData\Oracle\Java\javapath;C:\WINDOWS\system32;C:\WINDOWS;C:\WINDOWS\System32\Wbem;C:\WINDOWS\System32\WindowsPowerShell\v1.0\;C:\Program Files (x86)\AMD\ATI.ACE\Core-Static;C:\WINDOWS\System32\OpenSSH\;C:\Users\Kévin\AppData\Local\Microsoft\WindowsApps;
USERNAME=Kévin
OS=Windows_NT
PROCESSOR_IDENTIFIER=AMD64 Family 21 Model 19 Stepping 1, AuthenticAMD



---------------  S Y S T E M  ---------------

OS: Windows 10 , 64 bit Build 17134 (10.0.17134.1)

CPU:total 4 (initial active 4) (4 cores per cpu, 1 threads per core) family 21 model 19 stepping 1, cmov, cx8, fxsr, mmx, sse, sse2, sse3, ssse3, sse4.1, sse4.2, popcnt, avx, aes, clmul, mmxext, 3dnowpref, lzcnt, sse4a, tsc, tscinvbit, tscinv, bmi1, fma

Memory: 4k page, physical 7544920k(3611964k free), swap 19832920k(14151684k free)

vm_info: Java HotSpot(TM) 64-Bit Server VM (10+46) for windows-amd64 JRE (10+46), built on Mar  8 2018 02:11:18 by "mach5one" with MS VC++ 12.0 (VS2013)

END.
